<?xml version="1.0" encoding="UTF-8"?>
<testsuite xmlns:xsi="http://www.w3.org/2001/XMLSchema-instance" xsi:noNamespaceSchemaLocation="https://maven.apache.org/surefire/maven-surefire-plugin/xsd/surefire-test-report-3.0.xsd" version="3.0" name="com.example.lab_project.LabProjectApplicationTests" time="17.482" tests="1" errors="0" skipped="0" failures="0">
  <properties>
[...]
</properties>
  <testcase name="contextLoads" classname="com.example.lab_project.LabProjectApplicationTests" time="0.797">
    <system-out><![CDATA[20:26:24.789 [main] INFO org.springframework.test.context.support.AnnotationConfigContextLoaderUtils -- Could not detect default configuration classes for test class [com.example.lab_project.LabProjectApplicationTests]: LabProjectApplicationTests does not declare any static, non-private, non-final, nested classes annotated with @Configuration.
20:26:25.039 [main] INFO org.springframework.boot.test.context.SpringBootTestContextBootstrapper -- Found @SpringBootConfiguration com.example.lab_project.LabProjectApplication for test class com.example.lab_project.LabProjectApplicationTests
  .   ____          _            __ _ _
 /\\ / ___'_ __ _ _(_)_ __  __ _ \ \ \ \
( ( )\___ | '_ | '_| | '_ \/ _` | \ \ \ \
 \\/  ___)| |_)| | | | | || (_| |  ) ) ) )
  '  |____| .__|_| |_|_| |_\__, | / / / /
 =========|_|==============|___/=/_/_/_/

 :: Spring Boot ::                (v3.3.0)

2024-07-01T20:26:26.182+03:00  INFO 3316 --- [lab-project] [           main] c.e.l.LabProjectApplicationTests         : Starting LabProjectApplicationTests using Java 22.0.1 with PID 3316 (started by Kutay in C:\Users\Kutay\Desktop\lab-project)
2024-07-01T20:26:26.182+03:00  INFO 3316 --- [lab-project] [           main] c.e.l.LabProjectApplicationTests         : No active profile set, falling back to 1 default profile: "default"
2024-07-01T20:26:28.394+03:00  INFO 3316 --- [lab-project] [           main] .s.d.r.c.RepositoryConfigurationDelegate : Bootstrapping Spring Data JPA repositories in DEFAULT mode.
2024-07-01T20:26:28.550+03:00  INFO 3316 --- [lab-project] [           main] .s.d.r.c.RepositoryConfigurationDelegate : Finished Spring Data repository scanning in 138 ms. Found 4 JPA repository interfaces.
2024-07-01T20:26:29.973+03:00  INFO 3316 --- [lab-project] [           main] o.hibernate.jpa.internal.util.LogHelper  : HHH000204: Processing PersistenceUnitInfo [name: default]
2024-07-01T20:26:30.144+03:00  INFO 3316 --- [lab-project] [           main] org.hibernate.Version                    : HHH000412: Hibernate ORM core version 6.5.2.Final
2024-07-01T20:26:30.254+03:00  INFO 3316 --- [lab-project] [           main] o.h.c.internal.RegionFactoryInitiator    : HHH000026: Second-level cache disabled
2024-07-01T20:26:31.082+03:00  INFO 3316 --- [lab-project] [           main] o.s.o.j.p.SpringPersistenceUnitInfo      : No LoadTimeWeaver setup: ignoring JPA class transformer
2024-07-01T20:26:31.145+03:00  INFO 3316 --- [lab-project] [           main] com.zaxxer.hikari.HikariDataSource       : HikariPool-1 - Starting...
2024-07-01T20:26:31.817+03:00  INFO 3316 --- [lab-project] [           main] com.zaxxer.hikari.pool.HikariPool        : HikariPool-1 - Added connection com.mysql.cj.jdbc.ConnectionImpl@14239223
2024-07-01T20:26:31.832+03:00  INFO 3316 --- [lab-project] [           main] com.zaxxer.hikari.HikariDataSource       : HikariPool-1 - Start completed.
2024-07-01T20:26:32.020+03:00  WARN 3316 --- [lab-project] [           main] org.hibernate.orm.deprecation            : HHH90000025: MySQL8Dialect does not need to be specified explicitly using 'hibernate.dialect' (remove the property setting and it will be selected by default)
2024-07-01T20:26:32.020+03:00  WARN 3316 --- [lab-project] [           main] org.hibernate.orm.deprecation            : HHH90000026: MySQL8Dialect has been deprecated; use org.hibernate.dialect.MySQLDialect instead
2024-07-01T20:26:34.307+03:00  INFO 3316 --- [lab-project] [           main] o.h.e.t.j.p.i.JtaPlatformInitiator       : HHH000489: No JTA platform available (set 'hibernate.transaction.jta.platform' to enable JTA platform integration)
2024-07-01T20:26:34.496+03:00  INFO 3316 --- [lab-project] [           main] j.LocalContainerEntityManagerFactoryBean : Initialized JPA EntityManagerFactory for persistence unit 'default'
2024-07-01T20:26:36.792+03:00  INFO 3316 --- [lab-project] [           main] eAuthenticationProviderManagerConfigurer : Global AuthenticationManager configured with AuthenticationProvider bean with name authenticationProvider
2024-07-01T20:26:37.011+03:00  INFO 3316 --- [lab-project] [           main] o.s.d.j.r.query.QueryEnhancerFactory     : Hibernate is in classpath; If applicable, HQL parser will be used.
2024-07-01T20:26:39.161+03:00  WARN 3316 --- [lab-project] [           main] JpaBaseConfiguration$JpaWebConfiguration : spring.jpa.open-in-view is enabled by default. Therefore, database queries may be performed during view rendering. Explicitly configure spring.jpa.open-in-view to disable this warning
2024-07-01T20:26:39.927+03:00  INFO 3316 --- [lab-project] [           main] o.s.s.web.DefaultSecurityFilterChain     : Will secure any request with [org.springframework.security.web.session.DisableEncodeUrlFilter@6311640d, org.springframework.security.web.context.request.async.WebAsyncManagerIntegrationFilter@3a42610, org.springframework.security.web.context.SecurityContextHolderFilter@74bca236, org.springframework.security.web.header.HeaderWriterFilter@522fdf0c, org.springframework.web.filter.CorsFilter@1107cbd8, org.springframework.security.web.authentication.logout.LogoutFilter@79a15001, com.example.lab_project.Filter.JwtAuthenticationFilter@396f3bf2, org.springframework.security.web.savedrequest.RequestCacheAwareFilter@33dcbdc2, org.springframework.security.web.servletapi.SecurityContextHolderAwareRequestFilter@5091456c, org.springframework.security.web.authentication.AnonymousAuthenticationFilter@610640e3, org.springframework.security.web.session.SessionManagementFilter@1da77a43, org.springframework.security.web.access.ExceptionTranslationFilter@6f636de3, org.springframework.security.web.access.intercept.AuthorizationFilter@150eab74]
2024-07-01T20:26:40.911+03:00  INFO 3316 --- [lab-project] [           main] c.e.l.LabProjectApplicationTests         : Started LabProjectApplicationTests in 15.575 seconds (process running for 17.869)
]]></system-out>
    <system-err><![CDATA[WARNING: A Java agent has been loaded dynamically (C:\Users\Kutay\.m2\repository\net\bytebuddy\byte-buddy-agent\1.14.16\byte-buddy-agent-1.14.16.jar)
WARNING: If a serviceability tool is in use, please run with -XX:+EnableDynamicAgentLoading to hide this warning
WARNING: If a serviceability tool is not in use, please run with -Djdk.instrument.traceUsage for more information
WARNING: Dynamic loading of agents will be disallowed by default in a future release
]]></system-err>
  </testcase>
</testsuite>